<?xml version="1.0" encoding="UTF-8"?>
<testng-results ignored="0" total="2" passed="2" failed="0" skipped="0">
  <reporter-output>
  </reporter-output>
  <suite started-at="2019-05-25T20:27:27Z" name="Default suite" finished-at="2019-05-25T20:28:49Z" duration-ms="81647">
    <groups>
    </groups>
    <test started-at="2019-05-25T20:27:27Z" name="Default test" finished-at="2019-05-25T20:28:49Z" duration-ms="81647">
      <class name="Hemant.HomePage">
        <test-method is-config="true" signature="InitialicationDriver()[pri:0, instance:Hemant.HomePage@21337f7b]" started-at="2019-05-25T20:27:27Z" name="InitialicationDriver" finished-at="2019-05-25T20:27:30Z" duration-ms="2992" status="PASS">
          <reporter-output>
          </reporter-output>
        </test-method> <!-- InitialicationDriver -->
        <test-method signature="basePageNavigation(java.lang.String, java.lang.String)[pri:0, instance:Hemant.HomePage@21337f7b]" started-at="2019-05-25T20:27:30Z" name="basePageNavigation" data-provider="getData" finished-at="2019-05-25T20:28:17Z" duration-ms="46800" status="PASS">
          <params>
            <param index="0">
              <value>
                <![CDATA[hem7246@gmail.com]]>
              </value>
            </param>
            <param index="1">
              <value>
                <![CDATA[hemant3011]]>
              </value>
            </param>
          </params>
          <reporter-output>
          </reporter-output>
        </test-method> <!-- basePageNavigation -->
        <test-method signature="basePageNavigation(java.lang.String, java.lang.String)[pri:0, instance:Hemant.HomePage@21337f7b]" started-at="2019-05-25T20:28:17Z" name="basePageNavigation" data-provider="getData" finished-at="2019-05-25T20:28:49Z" duration-ms="31676" status="PASS">
          <params>
            <param index="0">
              <value>
                <![CDATA[hem7246@gmail.com]]>
              </value>
            </param>
            <param index="1">
              <value>
                <![CDATA[hemant3011]]>
              </value>
            </param>
          </params>
          <reporter-output>
          </reporter-output>
        </test-method> <!-- basePageNavigation -->
        <test-method is-config="true" signature="CuurentopenTabclosed()[pri:0, instance:Hemant.HomePage@21337f7b]" started-at="2019-05-25T20:28:49Z" name="CuurentopenTabclosed" finished-at="2019-05-25T20:28:49Z" duration-ms="154" status="PASS">
          <reporter-output>
          </reporter-output>
        </test-method> <!-- CuurentopenTabclosed -->
      </class> <!-- Hemant.HomePage -->
    </test> <!-- Default test -->
  </suite> <!-- Default suite -->
</testng-results>
